<?xml version="1.0" encoding="UTF-8"?>
<!-- Generated by org.testng.reporters.JUnitReportReporter -->
<testsuite hostname="DESKTOP-799KKK6" failures="0" tests="2" name="testrunners.TestRunner1" time="7.977" errors="0" timestamp="2024-07-14T21:58:47 IST" skipped="0">
  <testcase classname="testrunners.TestRunner1" name="runScenario" time="3.934"/>
  <testcase classname="testrunners.TestRunner1" name="runScenario" time="4.043"/>
</testsuite> <!-- testrunners.TestRunner1 -->
