<?xml version="1.0" encoding="UTF-8"?>
<!-- Generated by org.testng.reporters.JUnitReportReporter -->
<testsuite hostname="DESKTOP-799KKK6" failures="0" tests="2" name="testrunners.TestRunner2" time="0.008" errors="0" timestamp="2024-07-14T21:57:11 IST" skipped="0">
  <testcase classname="testrunners.TestRunner2" name="runScenario" time="0.005"/>
  <testcase classname="testrunners.TestRunner2" name="runScenario" time="0.003"/>
</testsuite> <!-- testrunners.TestRunner2 -->
