<?xml version="1.0" encoding="UTF-8"?>
<!-- Generated by org.testng.reporters.JUnitReportReporter -->
<testsuite hostname="DESKTOP-799KKK6" failures="0" tests="2" name="testrunners.TestRunner3" time="4.472" errors="0" timestamp="2024-07-14T22:00:32 IST" skipped="0">
  <testcase classname="testrunners.TestRunner3" name="runScenario" time="2.240"/>
  <testcase classname="testrunners.TestRunner3" name="runScenario" time="2.232"/>
</testsuite> <!-- testrunners.TestRunner3 -->
