<?xml version="1.0" encoding="UTF-8"?>
<!-- Generated by org.testng.reporters.JUnitReportReporter -->
<testsuite hostname="DESKTOP-799KKK6" failures="0" tests="2" name="testrunners.TestRunner3" time="6.746" errors="0" timestamp="2024-07-18T23:40:22 IST" skipped="0">
  <testcase classname="testrunners.TestRunner3" name="runScenario" time="4.109"/>
  <testcase classname="testrunners.TestRunner3" name="runScenario" time="2.637"/>
</testsuite> <!-- testrunners.TestRunner3 -->
