<?xml version="1.0" encoding="UTF-8"?>
<!-- Generated by org.testng.reporters.JUnitReportReporter -->
<testsuite hostname="DESKTOP-799KKK6" failures="0" tests="2" name="testrunners.TestRunner1" time="5.798" errors="0" timestamp="2024-07-18T23:40:22 IST" skipped="0">
  <testcase classname="testrunners.TestRunner1" name="runScenario" time="2.629"/>
  <testcase classname="testrunners.TestRunner1" name="runScenario" time="3.169"/>
</testsuite> <!-- testrunners.TestRunner1 -->
